<?xml version="1.0" encoding="UTF-8"?>
<testng-results skipped="0" failed="0" ignored="0" total="1" passed="1">
  <reporter-output>
  </reporter-output>
  <suite name="Default suite" duration-ms="5546" started-at="2019-02-25T21:14:13Z" finished-at="2019-02-25T21:14:18Z">
    <groups>
    </groups>
    <test name="Default test" duration-ms="5546" started-at="2019-02-25T21:14:13Z" finished-at="2019-02-25T21:14:18Z">
      <class name="Tests.PostTest">
        <test-method status="PASS" signature="login()[pri:0, instance:Tests.PostTest@2a2d45ba]" name="login" duration-ms="5492" started-at="2019-02-26T02:44:13Z" finished-at="2019-02-26T02:44:18Z">
          <reporter-output>
          </reporter-output>
        </test-method> <!-- login -->
      </class> <!-- Tests.PostTest -->
    </test> <!-- Default test -->
  </suite> <!-- Default suite -->
</testng-results>
